twa/app/build/intermediates/manifest_merge_blame_file/release/processReleaseMainManifest/manifest-merger-blame-release-report.txt
1<?xml version="1.0" encoding="utf-8"?>
2<manifest xmlns:android="http://schemas.android.com/apk/res/android"
3    package="com.konutpanel.app"
4    android:versionCode="9"
5    android:versionName="1.0.9" >
6
7    <uses-sdk
8        android:minSdkVersion="23"
9        android:targetSdkVersion="35" />
10
11    <uses-permission android:name="android.permission.INTERNET" />
11-->src\main\AndroidManifest.xml:5:5-67
11-->src\main\AndroidManifest.xml:5:22-64
12    <uses-permission android:name="android.permission.POST_NOTIFICATIONS" />
12-->src\main\AndroidManifest.xml:6:5-77
12-->src\main\AndroidManifest.xml:6:22-74
13
14    <queries>
14-->[com.google.androidbrowserhelper:androidbrowserhelper:2.5.0] AndroidManifest.xml:26:5-34:15
15        <intent>
15-->[com.google.androidbrowserhelper:androidbrowserhelper:2.5.0] AndroidManifest.xml:27:9-33:18
16            <action android:name="android.intent.action.VIEW" />
16-->src\main\AndroidManifest.xml:74:17-69
16-->src\main\AndroidManifest.xml:74:25-66
17
18            <category android:name="android.intent.category.BROWSABLE" />
18-->src\main\AndroidManifest.xml:76:17-78
18-->src\main\AndroidManifest.xml:76:27-75
19
20            <data android:scheme="https" />
20-->src\main\AndroidManifest.xml:77:17-78
20-->src\main\AndroidManifest.xml:77:23-45
21        </intent>
22    </queries>
23
24    <application
24-->src\main\AndroidManifest.xml:8:5-108:19
25        android:allowBackup="false"
25-->src\main\AndroidManifest.xml:9:9-36
26        android:appComponentFactory="androidx.core.app.CoreComponentFactory"
26-->[androidx.core:core:1.1.0] AndroidManifest.xml:24:18-86
27        android:extractNativeLibs="false"
28        android:fullBackupContent="false"
28-->src\main\AndroidManifest.xml:10:9-42
29        android:icon="@mipmap/ic_launcher"
29-->src\main\AndroidManifest.xml:11:9-43
30        android:label="@string/appName"
30-->src\main\AndroidManifest.xml:13:9-40
31        android:roundIcon="@mipmap/ic_launcher_round"
31-->src\main\AndroidManifest.xml:12:9-54
32        android:supportsRtl="true"
32-->src\main\AndroidManifest.xml:14:9-35
33        android:theme="@android:style/Theme.Translucent.NoTitleBar"
33-->src\main\AndroidManifest.xml:16:9-68
34        android:usesCleartextTraffic="false" >
34-->src\main\AndroidManifest.xml:15:9-45
35        <meta-data
35-->src\main\AndroidManifest.xml:18:9-20:58
36            android:name="asset_statements"
36-->src\main\AndroidManifest.xml:19:13-44
37            android:resource="@string/assetStatements" />
37-->src\main\AndroidManifest.xml:20:13-55
38
39        <activity
39-->src\main\AndroidManifest.xml:22:9-79:20
40            android:name="android.support.customtabs.trusted.LauncherActivity"
40-->src\main\AndroidManifest.xml:22:19-85
41            android:alwaysRetainTaskState="true"
41-->src\main\AndroidManifest.xml:23:13-49
42            android:exported="true"
42-->src\main\AndroidManifest.xml:24:13-36
43            android:label="@string/launcherName" >
43-->src\main\AndroidManifest.xml:25:13-49
44            <meta-data
44-->src\main\AndroidManifest.xml:27:13-28:58
45                android:name="android.support.customtabs.trusted.WEB_MANIFEST_URL"
45-->src\main\AndroidManifest.xml:27:24-90
46                android:value="@string/webManifestUrl" />
46-->src\main\AndroidManifest.xml:28:17-55
47            <meta-data
47-->src\main\AndroidManifest.xml:29:13-30:53
48                android:name="android.support.customtabs.trusted.DEFAULT_URL"
48-->src\main\AndroidManifest.xml:29:24-85
49                android:value="@string/launchUrl" />
49-->src\main\AndroidManifest.xml:30:17-50
50            <meta-data
50-->src\main\AndroidManifest.xml:31:13-33:58
51                android:name="android.support.customtabs.trusted.STATUS_BAR_COLOR"
51-->src\main\AndroidManifest.xml:32:17-83
52                android:resource="@color/colorPrimary" />
52-->src\main\AndroidManifest.xml:33:17-55
53            <meta-data
53-->src\main\AndroidManifest.xml:34:13-36:62
54                android:name="android.support.customtabs.trusted.STATUS_BAR_COLOR_DARK"
54-->src\main\AndroidManifest.xml:35:17-88
55                android:resource="@color/colorPrimaryDark" />
55-->src\main\AndroidManifest.xml:36:17-59
56            <meta-data
56-->src\main\AndroidManifest.xml:37:13-39:61
57                android:name="android.support.customtabs.trusted.NAVIGATION_BAR_COLOR"
57-->src\main\AndroidManifest.xml:38:17-87
58                android:resource="@color/navigationColor" />
58-->src\main\AndroidManifest.xml:39:17-58
59            <meta-data
59-->src\main\AndroidManifest.xml:40:13-42:65
60                android:name="android.support.customtabs.trusted.NAVIGATION_BAR_COLOR_DARK"
60-->src\main\AndroidManifest.xml:41:17-92
61                android:resource="@color/navigationColorDark" />
61-->src\main\AndroidManifest.xml:42:17-62
62            <meta-data
62-->src\main\AndroidManifest.xml:43:13-45:68
63                android:name="androidx.browser.trusted.NAVIGATION_BAR_DIVIDER_COLOR"
63-->src\main\AndroidManifest.xml:44:17-85
64                android:resource="@color/navigationDividerColor" />
64-->src\main\AndroidManifest.xml:45:17-65
65            <meta-data
65-->src\main\AndroidManifest.xml:46:13-48:72
66                android:name="androidx.browser.trusted.NAVIGATION_BAR_DIVIDER_COLOR_DARK"
66-->src\main\AndroidManifest.xml:47:17-90
67                android:resource="@color/navigationDividerColorDark" />
67-->src\main\AndroidManifest.xml:48:17-69
68            <meta-data
68-->src\main\AndroidManifest.xml:49:13-50:55
69                android:name="androidx.browser.trusted.SPLASH_IMAGE_DRAWABLE"
69-->src\main\AndroidManifest.xml:49:24-85
70                android:resource="@drawable/splash" />
70-->src\main\AndroidManifest.xml:50:17-52
71            <meta-data
71-->src\main\AndroidManifest.xml:51:13-52:61
72                android:name="androidx.browser.trusted.SPLASH_SCREEN_BACKGROUND_COLOR"
72-->src\main\AndroidManifest.xml:51:24-94
73                android:resource="@color/backgroundColor" />
73-->src\main\AndroidManifest.xml:52:17-58
74            <meta-data
74-->src\main\AndroidManifest.xml:53:13-55:72
75                android:name="androidx.browser.trusted.SPLASH_SCREEN_FADE_OUT_DURATION"
75-->src\main\AndroidManifest.xml:54:17-88
76                android:value="@integer/splashScreenFadeOutDuration" />
76-->src\main\AndroidManifest.xml:55:17-69
77            <meta-data
77-->src\main\AndroidManifest.xml:56:13-58:61
78                android:name="androidx.browser.trusted.FILE_PROVIDER_AUTHORITY"
78-->src\main\AndroidManifest.xml:57:17-80
79                android:value="@string/providerAuthority" />
79-->src\main\AndroidManifest.xml:58:17-58
80            <meta-data
80-->src\main\AndroidManifest.xml:59:13-60:53
81                android:name="android.app.shortcuts"
81-->src\main\AndroidManifest.xml:59:24-60
82                android:resource="@xml/shortcuts" />
82-->src\main\AndroidManifest.xml:60:17-50
83            <meta-data
83-->src\main\AndroidManifest.xml:61:13-63:46
84                android:name="androidx.browser.trusted.FALLBACK_STRATEGY"
84-->src\main\AndroidManifest.xml:62:17-74
85                android:value="customtabs" />
85-->src\main\AndroidManifest.xml:63:17-43
86
87            <intent-filter>
87-->src\main\AndroidManifest.xml:65:13-68:29
88                <action android:name="android.intent.action.MAIN" />
88-->src\main\AndroidManifest.xml:66:17-69
88-->src\main\AndroidManifest.xml:66:25-66
89
90                <category android:name="android.intent.category.LAUNCHER" />
90-->src\main\AndroidManifest.xml:67:17-77
90-->src\main\AndroidManifest.xml:67:27-74
91            </intent-filter>
92
93            <!--
94                 KRITIK: Digital Asset Links dogrulamasi bu blok uzerinden yapilir.
95                 android:host degeri assetlinks.json'un yayinlandigi alan adiyla
96                 birebir ayni olmali. autoVerify="true" olmadan adres cubugu kalir.
97            -->
98            <intent-filter android:autoVerify="true" >
98-->src\main\AndroidManifest.xml:73:13-78:29
98-->src\main\AndroidManifest.xml:73:28-53
99                <action android:name="android.intent.action.VIEW" />
99-->src\main\AndroidManifest.xml:74:17-69
99-->src\main\AndroidManifest.xml:74:25-66
100
101                <category android:name="android.intent.category.DEFAULT" />
101-->src\main\AndroidManifest.xml:75:17-76
101-->src\main\AndroidManifest.xml:75:27-73
102                <category android:name="android.intent.category.BROWSABLE" />
102-->src\main\AndroidManifest.xml:76:17-78
102-->src\main\AndroidManifest.xml:76:27-75
103
104                <data
104-->src\main\AndroidManifest.xml:77:17-78
105                    android:host="konutpanel.com"
105-->src\main\AndroidManifest.xml:77:46-75
106                    android:scheme="https" />
106-->src\main\AndroidManifest.xml:77:23-45
107            </intent-filter>
108        </activity>
109        <activity android:name="com.google.androidbrowserhelper.trusted.FocusActivity" />
109-->src\main\AndroidManifest.xml:81:9-90
109-->src\main\AndroidManifest.xml:81:19-87
110        <activity
110-->src\main\AndroidManifest.xml:83:9-84:128
111            android:name="com.google.androidbrowserhelper.trusted.WebViewFallbackActivity"
111-->src\main\AndroidManifest.xml:83:19-97
112            android:configChanges="orientation|screenSize|screenLayout|smallestScreenSize|layoutDirection|navigation|uiMode" />
112-->src\main\AndroidManifest.xml:84:13-125
113
114        <provider
114-->src\main\AndroidManifest.xml:86:9-94:20
115            android:name="androidx.core.content.FileProvider"
115-->src\main\AndroidManifest.xml:87:13-62
116            android:authorities="@string/providerAuthority"
116-->src\main\AndroidManifest.xml:88:13-60
117            android:exported="false"
117-->src\main\AndroidManifest.xml:90:13-37
118            android:grantUriPermissions="true" >
118-->src\main\AndroidManifest.xml:89:13-47
119            <meta-data
119-->src\main\AndroidManifest.xml:91:13-93:53
120                android:name="android.support.FILE_PROVIDER_PATHS"
120-->src\main\AndroidManifest.xml:92:17-67
121                android:resource="@xml/filepaths" />
121-->src\main\AndroidManifest.xml:93:17-50
122        </provider>
123
124        <service
124-->src\main\AndroidManifest.xml:96:9-107:19
125            android:name="com.konutpanel.app.KonutPanelDelegationService"
125-->src\main\AndroidManifest.xml:97:13-74
126            android:enabled="@bool/enableNotification"
126-->src\main\AndroidManifest.xml:98:13-55
127            android:exported="@bool/enableNotification" >
127-->src\main\AndroidManifest.xml:99:13-56
128            <meta-data
128-->src\main\AndroidManifest.xml:100:13-102:64
129                android:name="android.support.customtabs.trusted.SMALL_ICON"
129-->src\main\AndroidManifest.xml:101:17-77
130                android:resource="@drawable/ic_notification" />
130-->src\main\AndroidManifest.xml:102:17-61
131
132            <intent-filter>
132-->src\main\AndroidManifest.xml:103:13-106:29
133                <action android:name="android.support.customtabs.trusted.TRUSTED_WEB_ACTIVITY_SERVICE" />
133-->src\main\AndroidManifest.xml:104:17-106
133-->src\main\AndroidManifest.xml:104:25-103
134
135                <category android:name="android.intent.category.DEFAULT" />
135-->src\main\AndroidManifest.xml:75:17-76
135-->src\main\AndroidManifest.xml:75:27-73
136            </intent-filter>
137        </service>
138    </application>
139
140</manifest>